<?xml version="1.0" encoding="UTF-8"?>
<!-- Generated by org.testng.reporters.JUnitReportReporter -->
<testsuite skipped="0" hostname="Alain-workstation" name="browser.PlaywithBrowsers" tests="1" failures="0" timestamp="2021-07-26T08:41:22 CDT" time="3.519" errors="0">
  <testcase name="chrombrowers" time="3.519" classname="browser.PlaywithBrowsers"/>
  <system-out/>
</testsuite> <!-- browser.PlaywithBrowsers -->
